<?xml version="1.0" encoding="UTF-8"?>
<!-- Generated by org.testng.reporters.JUnitReportReporter -->
<testsuite hostname="DESKTOP-0RJKMEL" failures="0" tests="4" name="tests.Test1" time="22.448" errors="0" timestamp="2023-11-16T17:22:31 IST" skipped="3">
  <testcase classname="tests.Test1" name="toVerifyLoginFunctionality" time="22.448"/>
  <system-out/>
  <testcase classname="tests.Test1" name="toVerifyFindLoginInfo">
    <skipped/>
  </testcase> <!-- toVerifyFindLoginInfo -->
  <system-out/>
  <testcase classname="tests.Test1" name="toVerifyOpenApp">
    <skipped/>
  </testcase> <!-- toVerifyOpenApp -->
  <system-out/>
  <testcase classname="tests.Test1" name="toVerifyNewUserRegistration">
    <skipped/>
  </testcase> <!-- toVerifyNewUserRegistration -->
  <system-out/>
</testsuite> <!-- tests.Test1 -->
